{"level":"info","message":"Server running on port 3000","timestamp":"2025-01-02T19:14:56.928Z"}
{"level":"info","message":"Server running on port 3001","timestamp":"2025-01-02T19:15:29.192Z"}
{"level":"info","message":"Server running on port 3001","timestamp":"2025-01-02T19:41:37.021Z"}
{"level":"info","message":"Server running on port 3001","timestamp":"2025-01-02T19:41:38.350Z"}
{"level":"info","message":"Server running on port 3001","timestamp":"2025-01-02T19:49:49.495Z"}
{"level":"info","message":"Server running on port 3001","timestamp":"2025-01-02T19:52:03.061Z"}
{"level":"error","message":"Error in fee calculation: Failed to fetch fee structure from Google Sheets","stack":"Error: Failed to fetch fee structure from Google Sheets\n    at exports.getFeeStructure (D:\\letsThrive.Ai assignment\\pricing-calculator-backend\\utils\\googleSheets.js:25:11)\n    at process.processTicksAndRejections (node:internal/process/task_queues:95:5)\n    at async exports.calculateFeesService (D:\\letsThrive.Ai assignment\\pricing-calculator-backend\\services\\calculatorService.js:21:24)\n    at async exports.calculateFees (D:\\letsThrive.Ai assignment\\pricing-calculator-backend\\controllers\\calculatorController.js:6:22)","timestamp":"2025-01-02T19:53:45.604Z"}
{"level":"error","message":"Error: Failed to fetch fee structure from Google Sheets\n    at exports.getFeeStructure (D:\\letsThrive.Ai assignment\\pricing-calculator-backend\\utils\\googleSheets.js:25:11)\n    at process.processTicksAndRejections (node:internal/process/task_queues:95:5)\n    at async exports.calculateFeesService (D:\\letsThrive.Ai assignment\\pricing-calculator-backend\\services\\calculatorService.js:21:24)\n    at async exports.calculateFees (D:\\letsThrive.Ai assignment\\pricing-calculator-backend\\controllers\\calculatorController.js:6:22)","timestamp":"2025-01-02T19:53:45.606Z"}
{"level":"info","message":"Server running on port 3001","timestamp":"2025-01-02T19:54:44.943Z"}
{"level":"error","message":"Error in fee calculation: calculateReferralFee is not a function","stack":"TypeError: calculateReferralFee is not a function\n    at exports.calculateFeesService (D:\\letsThrive.Ai assignment\\pricing-calculator-backend\\services\\calculatorService.js:24:29)\n    at exports.calculateFees (D:\\letsThrive.Ai assignment\\pricing-calculator-backend\\controllers\\calculatorController.js:6:28)\n    at Layer.handle [as handle_request] (D:\\letsThrive.Ai assignment\\pricing-calculator-backend\\node_modules\\express\\lib\\router\\layer.js:95:5)\n    at next (D:\\letsThrive.Ai assignment\\pricing-calculator-backend\\node_modules\\express\\lib\\router\\route.js:149:13)\n    at D:\\letsThrive.Ai assignment\\pricing-calculator-backend\\middlewares\\validateRequest.js:10:5\n    at Layer.handle [as handle_request] (D:\\letsThrive.Ai assignment\\pricing-calculator-backend\\node_modules\\express\\lib\\router\\layer.js:95:5)\n    at next (D:\\letsThrive.Ai assignment\\pricing-calculator-backend\\node_modules\\express\\lib\\router\\route.js:149:13)\n    at Route.dispatch (D:\\letsThrive.Ai assignment\\pricing-calculator-backend\\node_modules\\express\\lib\\router\\route.js:119:3)\n    at Layer.handle [as handle_request] (D:\\letsThrive.Ai assignment\\pricing-calculator-backend\\node_modules\\express\\lib\\router\\layer.js:95:5)\n    at D:\\letsThrive.Ai assignment\\pricing-calculator-backend\\node_modules\\express\\lib\\router\\index.js:284:15","timestamp":"2025-01-02T19:54:47.730Z"}
{"level":"error","message":"TypeError: calculateReferralFee is not a function\n    at exports.calculateFeesService (D:\\letsThrive.Ai assignment\\pricing-calculator-backend\\services\\calculatorService.js:24:29)\n    at exports.calculateFees (D:\\letsThrive.Ai assignment\\pricing-calculator-backend\\controllers\\calculatorController.js:6:28)\n    at Layer.handle [as handle_request] (D:\\letsThrive.Ai assignment\\pricing-calculator-backend\\node_modules\\express\\lib\\router\\layer.js:95:5)\n    at next (D:\\letsThrive.Ai assignment\\pricing-calculator-backend\\node_modules\\express\\lib\\router\\route.js:149:13)\n    at D:\\letsThrive.Ai assignment\\pricing-calculator-backend\\middlewares\\validateRequest.js:10:5\n    at Layer.handle [as handle_request] (D:\\letsThrive.Ai assignment\\pricing-calculator-backend\\node_modules\\express\\lib\\router\\layer.js:95:5)\n    at next (D:\\letsThrive.Ai assignment\\pricing-calculator-backend\\node_modules\\express\\lib\\router\\route.js:149:13)\n    at Route.dispatch (D:\\letsThrive.Ai assignment\\pricing-calculator-backend\\node_modules\\express\\lib\\router\\route.js:119:3)\n    at Layer.handle [as handle_request] (D:\\letsThrive.Ai assignment\\pricing-calculator-backend\\node_modules\\express\\lib\\router\\layer.js:95:5)\n    at D:\\letsThrive.Ai assignment\\pricing-calculator-backend\\node_modules\\express\\lib\\router\\index.js:284:15","timestamp":"2025-01-02T19:54:47.732Z"}
{"level":"info","message":"Server running on port 3001","timestamp":"2025-01-02T19:55:44.868Z"}
{"level":"error","message":"Error in fee calculation: calculateReferralFee is not a function","stack":"TypeError: calculateReferralFee is not a function\n    at exports.calculateFeesService (D:\\letsThrive.Ai assignment\\pricing-calculator-backend\\services\\calculatorService.js:24:29)\n    at exports.calculateFees (D:\\letsThrive.Ai assignment\\pricing-calculator-backend\\controllers\\calculatorController.js:6:28)\n    at Layer.handle [as handle_request] (D:\\letsThrive.Ai assignment\\pricing-calculator-backend\\node_modules\\express\\lib\\router\\layer.js:95:5)\n    at next (D:\\letsThrive.Ai assignment\\pricing-calculator-backend\\node_modules\\express\\lib\\router\\route.js:149:13)\n    at D:\\letsThrive.Ai assignment\\pricing-calculator-backend\\middlewares\\validateRequest.js:10:5\n    at Layer.handle [as handle_request] (D:\\letsThrive.Ai assignment\\pricing-calculator-backend\\node_modules\\express\\lib\\router\\layer.js:95:5)\n    at next (D:\\letsThrive.Ai assignment\\pricing-calculator-backend\\node_modules\\express\\lib\\router\\route.js:149:13)\n    at Route.dispatch (D:\\letsThrive.Ai assignment\\pricing-calculator-backend\\node_modules\\express\\lib\\router\\route.js:119:3)\n    at Layer.handle [as handle_request] (D:\\letsThrive.Ai assignment\\pricing-calculator-backend\\node_modules\\express\\lib\\router\\layer.js:95:5)\n    at D:\\letsThrive.Ai assignment\\pricing-calculator-backend\\node_modules\\express\\lib\\router\\index.js:284:15","timestamp":"2025-01-02T19:55:48.053Z"}
{"level":"error","message":"TypeError: calculateReferralFee is not a function\n    at exports.calculateFeesService (D:\\letsThrive.Ai assignment\\pricing-calculator-backend\\services\\calculatorService.js:24:29)\n    at exports.calculateFees (D:\\letsThrive.Ai assignment\\pricing-calculator-backend\\controllers\\calculatorController.js:6:28)\n    at Layer.handle [as handle_request] (D:\\letsThrive.Ai assignment\\pricing-calculator-backend\\node_modules\\express\\lib\\router\\layer.js:95:5)\n    at next (D:\\letsThrive.Ai assignment\\pricing-calculator-backend\\node_modules\\express\\lib\\router\\route.js:149:13)\n    at D:\\letsThrive.Ai assignment\\pricing-calculator-backend\\middlewares\\validateRequest.js:10:5\n    at Layer.handle [as handle_request] (D:\\letsThrive.Ai assignment\\pricing-calculator-backend\\node_modules\\express\\lib\\router\\layer.js:95:5)\n    at next (D:\\letsThrive.Ai assignment\\pricing-calculator-backend\\node_modules\\express\\lib\\router\\route.js:149:13)\n    at Route.dispatch (D:\\letsThrive.Ai assignment\\pricing-calculator-backend\\node_modules\\express\\lib\\router\\route.js:119:3)\n    at Layer.handle [as handle_request] (D:\\letsThrive.Ai assignment\\pricing-calculator-backend\\node_modules\\express\\lib\\router\\layer.js:95:5)\n    at D:\\letsThrive.Ai assignment\\pricing-calculator-backend\\node_modules\\express\\lib\\router\\index.js:284:15","timestamp":"2025-01-02T19:55:48.055Z"}
{"level":"info","message":"Server running on port 3001","timestamp":"2025-01-02T19:56:43.279Z"}
{"level":"error","message":"Error in fee calculation: res.status is not a function","stack":"TypeError: res.status is not a function\n    at exports.calculateReferralFee (D:\\letsThrive.Ai assignment\\pricing-calculator-backend\\utils\\feeCalculators.js:113:9)\n    at exports.calculateFeesService (D:\\letsThrive.Ai assignment\\pricing-calculator-backend\\services\\calculatorService.js:24:29)\n    at exports.calculateFees (D:\\letsThrive.Ai assignment\\pricing-calculator-backend\\controllers\\calculatorController.js:6:28)\n    at Layer.handle [as handle_request] (D:\\letsThrive.Ai assignment\\pricing-calculator-backend\\node_modules\\express\\lib\\router\\layer.js:95:5)\n    at next (D:\\letsThrive.Ai assignment\\pricing-calculator-backend\\node_modules\\express\\lib\\router\\route.js:149:13)\n    at D:\\letsThrive.Ai assignment\\pricing-calculator-backend\\middlewares\\validateRequest.js:10:5\n    at Layer.handle [as handle_request] (D:\\letsThrive.Ai assignment\\pricing-calculator-backend\\node_modules\\express\\lib\\router\\layer.js:95:5)\n    at next (D:\\letsThrive.Ai assignment\\pricing-calculator-backend\\node_modules\\express\\lib\\router\\route.js:149:13)\n    at Route.dispatch (D:\\letsThrive.Ai assignment\\pricing-calculator-backend\\node_modules\\express\\lib\\router\\route.js:119:3)\n    at Layer.handle [as handle_request] (D:\\letsThrive.Ai assignment\\pricing-calculator-backend\\node_modules\\express\\lib\\router\\layer.js:95:5)","timestamp":"2025-01-02T19:56:45.858Z"}
{"level":"error","message":"TypeError: res.status is not a function\n    at exports.calculateReferralFee (D:\\letsThrive.Ai assignment\\pricing-calculator-backend\\utils\\feeCalculators.js:113:9)\n    at exports.calculateFeesService (D:\\letsThrive.Ai assignment\\pricing-calculator-backend\\services\\calculatorService.js:24:29)\n    at exports.calculateFees (D:\\letsThrive.Ai assignment\\pricing-calculator-backend\\controllers\\calculatorController.js:6:28)\n    at Layer.handle [as handle_request] (D:\\letsThrive.Ai assignment\\pricing-calculator-backend\\node_modules\\express\\lib\\router\\layer.js:95:5)\n    at next (D:\\letsThrive.Ai assignment\\pricing-calculator-backend\\node_modules\\express\\lib\\router\\route.js:149:13)\n    at D:\\letsThrive.Ai assignment\\pricing-calculator-backend\\middlewares\\validateRequest.js:10:5\n    at Layer.handle [as handle_request] (D:\\letsThrive.Ai assignment\\pricing-calculator-backend\\node_modules\\express\\lib\\router\\layer.js:95:5)\n    at next (D:\\letsThrive.Ai assignment\\pricing-calculator-backend\\node_modules\\express\\lib\\router\\route.js:149:13)\n    at Route.dispatch (D:\\letsThrive.Ai assignment\\pricing-calculator-backend\\node_modules\\express\\lib\\router\\route.js:119:3)\n    at Layer.handle [as handle_request] (D:\\letsThrive.Ai assignment\\pricing-calculator-backend\\node_modules\\express\\lib\\router\\layer.js:95:5)","timestamp":"2025-01-02T19:56:45.859Z"}
{"level":"info","message":"Server running on port 3001","timestamp":"2025-01-02T19:57:16.731Z"}
{"level":"error","message":"Error in fee calculation: res.status is not a function","stack":"TypeError: res.status is not a function\n    at exports.calculateReferralFee (D:\\letsThrive.Ai assignment\\pricing-calculator-backend\\utils\\feeCalculators.js:113:16)\n    at exports.calculateFeesService (D:\\letsThrive.Ai assignment\\pricing-calculator-backend\\services\\calculatorService.js:24:29)\n    at exports.calculateFees (D:\\letsThrive.Ai assignment\\pricing-calculator-backend\\controllers\\calculatorController.js:6:28)\n    at Layer.handle [as handle_request] (D:\\letsThrive.Ai assignment\\pricing-calculator-backend\\node_modules\\express\\lib\\router\\layer.js:95:5)\n    at next (D:\\letsThrive.Ai assignment\\pricing-calculator-backend\\node_modules\\express\\lib\\router\\route.js:149:13)\n    at D:\\letsThrive.Ai assignment\\pricing-calculator-backend\\middlewares\\validateRequest.js:10:5\n    at Layer.handle [as handle_request] (D:\\letsThrive.Ai assignment\\pricing-calculator-backend\\node_modules\\express\\lib\\router\\layer.js:95:5)\n    at next (D:\\letsThrive.Ai assignment\\pricing-calculator-backend\\node_modules\\express\\lib\\router\\route.js:149:13)\n    at Route.dispatch (D:\\letsThrive.Ai assignment\\pricing-calculator-backend\\node_modules\\express\\lib\\router\\route.js:119:3)\n    at Layer.handle [as handle_request] (D:\\letsThrive.Ai assignment\\pricing-calculator-backend\\node_modules\\express\\lib\\router\\layer.js:95:5)","timestamp":"2025-01-02T19:57:23.885Z"}
{"level":"error","message":"TypeError: res.status is not a function\n    at exports.calculateReferralFee (D:\\letsThrive.Ai assignment\\pricing-calculator-backend\\utils\\feeCalculators.js:113:16)\n    at exports.calculateFeesService (D:\\letsThrive.Ai assignment\\pricing-calculator-backend\\services\\calculatorService.js:24:29)\n    at exports.calculateFees (D:\\letsThrive.Ai assignment\\pricing-calculator-backend\\controllers\\calculatorController.js:6:28)\n    at Layer.handle [as handle_request] (D:\\letsThrive.Ai assignment\\pricing-calculator-backend\\node_modules\\express\\lib\\router\\layer.js:95:5)\n    at next (D:\\letsThrive.Ai assignment\\pricing-calculator-backend\\node_modules\\express\\lib\\router\\route.js:149:13)\n    at D:\\letsThrive.Ai assignment\\pricing-calculator-backend\\middlewares\\validateRequest.js:10:5\n    at Layer.handle [as handle_request] (D:\\letsThrive.Ai assignment\\pricing-calculator-backend\\node_modules\\express\\lib\\router\\layer.js:95:5)\n    at next (D:\\letsThrive.Ai assignment\\pricing-calculator-backend\\node_modules\\express\\lib\\router\\route.js:149:13)\n    at Route.dispatch (D:\\letsThrive.Ai assignment\\pricing-calculator-backend\\node_modules\\express\\lib\\router\\route.js:119:3)\n    at Layer.handle [as handle_request] (D:\\letsThrive.Ai assignment\\pricing-calculator-backend\\node_modules\\express\\lib\\router\\layer.js:95:5)","timestamp":"2025-01-02T19:57:23.886Z"}
{"level":"info","message":"Server running on port 3001","timestamp":"2025-01-02T19:59:04.699Z"}
{"level":"error","message":"Error in fee calculation: calculateReferralFee is not a function","stack":"TypeError: calculateReferralFee is not a function\n    at exports.calculateFeesService (D:\\letsThrive.Ai assignment\\pricing-calculator-backend\\services\\calculatorService.js:24:29)\n    at exports.calculateFees (D:\\letsThrive.Ai assignment\\pricing-calculator-backend\\controllers\\calculatorController.js:6:28)\n    at Layer.handle [as handle_request] (D:\\letsThrive.Ai assignment\\pricing-calculator-backend\\node_modules\\express\\lib\\router\\layer.js:95:5)\n    at next (D:\\letsThrive.Ai assignment\\pricing-calculator-backend\\node_modules\\express\\lib\\router\\route.js:149:13)\n    at D:\\letsThrive.Ai assignment\\pricing-calculator-backend\\middlewares\\validateRequest.js:10:5\n    at Layer.handle [as handle_request] (D:\\letsThrive.Ai assignment\\pricing-calculator-backend\\node_modules\\express\\lib\\router\\layer.js:95:5)\n    at next (D:\\letsThrive.Ai assignment\\pricing-calculator-backend\\node_modules\\express\\lib\\router\\route.js:149:13)\n    at Route.dispatch (D:\\letsThrive.Ai assignment\\pricing-calculator-backend\\node_modules\\express\\lib\\router\\route.js:119:3)\n    at Layer.handle [as handle_request] (D:\\letsThrive.Ai assignment\\pricing-calculator-backend\\node_modules\\express\\lib\\router\\layer.js:95:5)\n    at D:\\letsThrive.Ai assignment\\pricing-calculator-backend\\node_modules\\express\\lib\\router\\index.js:284:15","timestamp":"2025-01-02T19:59:07.428Z"}
{"level":"error","message":"TypeError: calculateReferralFee is not a function\n    at exports.calculateFeesService (D:\\letsThrive.Ai assignment\\pricing-calculator-backend\\services\\calculatorService.js:24:29)\n    at exports.calculateFees (D:\\letsThrive.Ai assignment\\pricing-calculator-backend\\controllers\\calculatorController.js:6:28)\n    at Layer.handle [as handle_request] (D:\\letsThrive.Ai assignment\\pricing-calculator-backend\\node_modules\\express\\lib\\router\\layer.js:95:5)\n    at next (D:\\letsThrive.Ai assignment\\pricing-calculator-backend\\node_modules\\express\\lib\\router\\route.js:149:13)\n    at D:\\letsThrive.Ai assignment\\pricing-calculator-backend\\middlewares\\validateRequest.js:10:5\n    at Layer.handle [as handle_request] (D:\\letsThrive.Ai assignment\\pricing-calculator-backend\\node_modules\\express\\lib\\router\\layer.js:95:5)\n    at next (D:\\letsThrive.Ai assignment\\pricing-calculator-backend\\node_modules\\express\\lib\\router\\route.js:149:13)\n    at Route.dispatch (D:\\letsThrive.Ai assignment\\pricing-calculator-backend\\node_modules\\express\\lib\\router\\route.js:119:3)\n    at Layer.handle [as handle_request] (D:\\letsThrive.Ai assignment\\pricing-calculator-backend\\node_modules\\express\\lib\\router\\layer.js:95:5)\n    at D:\\letsThrive.Ai assignment\\pricing-calculator-backend\\node_modules\\express\\lib\\router\\index.js:284:15","timestamp":"2025-01-02T19:59:07.429Z"}
{"level":"info","message":"Server running on port 3001","timestamp":"2025-01-02T19:59:19.468Z"}
{"level":"info","message":"Server running on port 3001","timestamp":"2025-01-02T20:00:49.322Z"}
{"level":"error","message":"Error in fee calculation: res is not defined","stack":"ReferenceError: res is not defined\n    at exports.calculateReferralFee (D:\\letsThrive.Ai assignment\\pricing-calculator-backend\\utils\\feeCalculators.js:111:5)\n    at process.processTicksAndRejections (node:internal/process/task_queues:95:5)\n    at async exports.calculateFeesService (D:\\letsThrive.Ai assignment\\pricing-calculator-backend\\services\\calculatorService.js:24:23)\n    at async exports.calculateFees (D:\\letsThrive.Ai assignment\\pricing-calculator-backend\\controllers\\calculatorController.js:6:22)","timestamp":"2025-01-02T20:00:54.122Z"}
{"level":"error","message":"ReferenceError: res is not defined\n    at exports.calculateReferralFee (D:\\letsThrive.Ai assignment\\pricing-calculator-backend\\utils\\feeCalculators.js:111:5)\n    at process.processTicksAndRejections (node:internal/process/task_queues:95:5)\n    at async exports.calculateFeesService (D:\\letsThrive.Ai assignment\\pricing-calculator-backend\\services\\calculatorService.js:24:23)\n    at async exports.calculateFees (D:\\letsThrive.Ai assignment\\pricing-calculator-backend\\controllers\\calculatorController.js:6:22)","timestamp":"2025-01-02T20:00:54.124Z"}
{"level":"info","message":"Server running on port 3001","timestamp":"2025-01-02T20:03:26.543Z"}
{"level":"error","message":"Error in fee calculation: res is not defined","stack":"ReferenceError: res is not defined\n    at exports.calculateReferralFee (D:\\letsThrive.Ai assignment\\pricing-calculator-backend\\utils\\feeCalculators.js:111:5)\n    at process.processTicksAndRejections (node:internal/process/task_queues:95:5)\n    at async exports.calculateFeesService (D:\\letsThrive.Ai assignment\\pricing-calculator-backend\\services\\calculatorService.js:24:23)\n    at async exports.calculateFees (D:\\letsThrive.Ai assignment\\pricing-calculator-backend\\controllers\\calculatorController.js:6:22)","timestamp":"2025-01-02T20:03:32.615Z"}
{"level":"error","message":"ReferenceError: res is not defined\n    at exports.calculateReferralFee (D:\\letsThrive.Ai assignment\\pricing-calculator-backend\\utils\\feeCalculators.js:111:5)\n    at process.processTicksAndRejections (node:internal/process/task_queues:95:5)\n    at async exports.calculateFeesService (D:\\letsThrive.Ai assignment\\pricing-calculator-backend\\services\\calculatorService.js:24:23)\n    at async exports.calculateFees (D:\\letsThrive.Ai assignment\\pricing-calculator-backend\\controllers\\calculatorController.js:6:22)","timestamp":"2025-01-02T20:03:32.616Z"}
{"level":"info","message":"Server running on port 3001","timestamp":"2025-01-02T20:06:46.643Z"}
{"level":"error","message":"Error in fee calculation: res is not defined","stack":"ReferenceError: res is not defined\n    at exports.calculateReferralFee (D:\\letsThrive.Ai assignment\\pricing-calculator-backend\\utils\\feeCalculators.js:111:5)\n    at process.processTicksAndRejections (node:internal/process/task_queues:95:5)\n    at async exports.calculateFeesService (D:\\letsThrive.Ai assignment\\pricing-calculator-backend\\services\\calculatorService.js:24:23)\n    at async exports.calculateFees (D:\\letsThrive.Ai assignment\\pricing-calculator-backend\\controllers\\calculatorController.js:6:22)","timestamp":"2025-01-02T20:06:52.898Z"}
{"level":"error","message":"ReferenceError: res is not defined\n    at exports.calculateReferralFee (D:\\letsThrive.Ai assignment\\pricing-calculator-backend\\utils\\feeCalculators.js:111:5)\n    at process.processTicksAndRejections (node:internal/process/task_queues:95:5)\n    at async exports.calculateFeesService (D:\\letsThrive.Ai assignment\\pricing-calculator-backend\\services\\calculatorService.js:24:23)\n    at async exports.calculateFees (D:\\letsThrive.Ai assignment\\pricing-calculator-backend\\controllers\\calculatorController.js:6:22)","timestamp":"2025-01-02T20:06:52.900Z"}
{"level":"info","message":"Server running on port 3001","timestamp":"2025-01-02T20:21:10.582Z"}
{"level":"error","message":"Error in fee calculation: res is not defined","stack":"ReferenceError: res is not defined\n    at exports.calculateReferralFee (D:\\letsThrive.Ai assignment\\pricing-calculator-backend\\utils\\feeCalculators.js:113:5)\n    at process.processTicksAndRejections (node:internal/process/task_queues:95:5)\n    at async exports.calculateFeesService (D:\\letsThrive.Ai assignment\\pricing-calculator-backend\\services\\calculatorService.js:24:23)\n    at async exports.calculateFees (D:\\letsThrive.Ai assignment\\pricing-calculator-backend\\controllers\\calculatorController.js:6:22)","timestamp":"2025-01-02T20:21:16.428Z"}
{"level":"error","message":"ReferenceError: res is not defined\n    at exports.calculateReferralFee (D:\\letsThrive.Ai assignment\\pricing-calculator-backend\\utils\\feeCalculators.js:113:5)\n    at process.processTicksAndRejections (node:internal/process/task_queues:95:5)\n    at async exports.calculateFeesService (D:\\letsThrive.Ai assignment\\pricing-calculator-backend\\services\\calculatorService.js:24:23)\n    at async exports.calculateFees (D:\\letsThrive.Ai assignment\\pricing-calculator-backend\\controllers\\calculatorController.js:6:22)","timestamp":"2025-01-02T20:21:16.430Z"}
{"level":"info","message":"Server running on port 3001","timestamp":"2025-01-02T20:21:33.004Z"}
{"level":"error","message":"Error in fee calculation: res is not defined","stack":"ReferenceError: res is not defined\n    at exports.calculateReferralFee (D:\\letsThrive.Ai assignment\\pricing-calculator-backend\\utils\\feeCalculators.js:115:5)\n    at process.processTicksAndRejections (node:internal/process/task_queues:95:5)\n    at async exports.calculateFeesService (D:\\letsThrive.Ai assignment\\pricing-calculator-backend\\services\\calculatorService.js:24:23)\n    at async exports.calculateFees (D:\\letsThrive.Ai assignment\\pricing-calculator-backend\\controllers\\calculatorController.js:6:22)","timestamp":"2025-01-02T20:21:36.815Z"}
{"level":"error","message":"ReferenceError: res is not defined\n    at exports.calculateReferralFee (D:\\letsThrive.Ai assignment\\pricing-calculator-backend\\utils\\feeCalculators.js:115:5)\n    at process.processTicksAndRejections (node:internal/process/task_queues:95:5)\n    at async exports.calculateFeesService (D:\\letsThrive.Ai assignment\\pricing-calculator-backend\\services\\calculatorService.js:24:23)\n    at async exports.calculateFees (D:\\letsThrive.Ai assignment\\pricing-calculator-backend\\controllers\\calculatorController.js:6:22)","timestamp":"2025-01-02T20:21:36.816Z"}
{"level":"info","message":"Server running on port 3001","timestamp":"2025-01-02T20:27:45.879Z"}
{"level":"error","message":"Error in fee calculation: res is not defined","stack":"ReferenceError: res is not defined\n    at exports.calculateFeesService (D:\\letsThrive.Ai assignment\\pricing-calculator-backend\\services\\calculatorService.js:26:3)\n    at process.processTicksAndRejections (node:internal/process/task_queues:95:5)\n    at async exports.calculateFees (D:\\letsThrive.Ai assignment\\pricing-calculator-backend\\controllers\\calculatorController.js:6:22)","timestamp":"2025-01-02T20:27:56.455Z"}
{"level":"error","message":"ReferenceError: res is not defined\n    at exports.calculateFeesService (D:\\letsThrive.Ai assignment\\pricing-calculator-backend\\services\\calculatorService.js:26:3)\n    at process.processTicksAndRejections (node:internal/process/task_queues:95:5)\n    at async exports.calculateFees (D:\\letsThrive.Ai assignment\\pricing-calculator-backend\\controllers\\calculatorController.js:6:22)","timestamp":"2025-01-02T20:27:56.456Z"}
{"level":"info","message":"Server running on port 3001","timestamp":"2025-01-02T20:28:11.045Z"}
{"level":"error","message":"Error in fee calculation: res is not defined","stack":"ReferenceError: res is not defined\n    at exports.calculateFeesService (D:\\letsThrive.Ai assignment\\pricing-calculator-backend\\services\\calculatorService.js:26:3)\n    at process.processTicksAndRejections (node:internal/process/task_queues:95:5)\n    at async exports.calculateFees (D:\\letsThrive.Ai assignment\\pricing-calculator-backend\\controllers\\calculatorController.js:6:22)","timestamp":"2025-01-02T20:28:16.469Z"}
{"level":"error","message":"ReferenceError: res is not defined\n    at exports.calculateFeesService (D:\\letsThrive.Ai assignment\\pricing-calculator-backend\\services\\calculatorService.js:26:3)\n    at process.processTicksAndRejections (node:internal/process/task_queues:95:5)\n    at async exports.calculateFees (D:\\letsThrive.Ai assignment\\pricing-calculator-backend\\controllers\\calculatorController.js:6:22)","timestamp":"2025-01-02T20:28:16.470Z"}
{"level":"info","message":"Server running on port 3001","timestamp":"2025-01-02T20:29:58.771Z"}
{"level":"error","message":"Error in fee calculation: res is not defined","stack":"ReferenceError: res is not defined\n    at exports.calculateFeesService (D:\\letsThrive.Ai assignment\\pricing-calculator-backend\\services\\calculatorService.js:26:3)\n    at process.processTicksAndRejections (node:internal/process/task_queues:95:5)\n    at async exports.calculateFees (D:\\letsThrive.Ai assignment\\pricing-calculator-backend\\controllers\\calculatorController.js:6:22)","timestamp":"2025-01-02T20:30:03.933Z"}
{"level":"error","message":"ReferenceError: res is not defined\n    at exports.calculateFeesService (D:\\letsThrive.Ai assignment\\pricing-calculator-backend\\services\\calculatorService.js:26:3)\n    at process.processTicksAndRejections (node:internal/process/task_queues:95:5)\n    at async exports.calculateFees (D:\\letsThrive.Ai assignment\\pricing-calculator-backend\\controllers\\calculatorController.js:6:22)","timestamp":"2025-01-02T20:30:03.934Z"}
{"level":"info","message":"Server running on port 3001","timestamp":"2025-01-02T20:31:29.089Z"}
{"level":"info","message":"Server running on port 3001","timestamp":"2025-01-02T20:42:51.918Z"}
{"level":"info","message":"Server running on port 3001","timestamp":"2025-01-02T20:43:21.494Z"}
{"level":"info","message":"Server running on port 3001","timestamp":"2025-01-02T20:47:34.763Z"}
{"level":"info","message":"Server running on port 3001","timestamp":"2025-01-02T20:47:41.427Z"}
{"level":"info","message":"Server running on port 3001","timestamp":"2025-01-02T20:50:31.383Z"}
{"level":"info","message":"Server running on port 3001","timestamp":"2025-01-02T20:52:28.619Z"}
{"level":"info","message":"Server running on port 3001","timestamp":"2025-01-02T20:53:06.492Z"}
{"level":"info","message":"Server running on port 3001","timestamp":"2025-01-02T20:53:47.034Z"}
{"level":"info","message":"Server running on port 3001","timestamp":"2025-01-02T20:54:10.508Z"}
{"level":"info","message":"Server running on port 3001","timestamp":"2025-01-02T20:54:31.786Z"}
{"level":"info","message":"Server running on port 3001","timestamp":"2025-01-02T20:54:47.741Z"}
{"level":"info","message":"Server running on port 3001","timestamp":"2025-01-02T21:05:27.034Z"}
{"level":"info","message":"Server running on port 3001","timestamp":"2025-01-02T21:06:49.946Z"}
{"level":"info","message":"Server running on port 3001","timestamp":"2025-01-02T21:06:50.890Z"}
{"level":"info","message":"Server running on port 3001","timestamp":"2025-01-02T21:07:50.484Z"}
{"level":"info","message":"Server running on port 3001","timestamp":"2025-01-02T21:07:51.550Z"}
{"level":"info","message":"Server running on port 3001","timestamp":"2025-01-02T21:07:59.128Z"}
{"level":"info","message":"Server running on port 3001","timestamp":"2025-01-02T21:09:11.977Z"}
{"level":"info","message":"Server running on port 3001","timestamp":"2025-01-02T21:09:53.531Z"}
{"level":"info","message":"Server running on port 3001","timestamp":"2025-01-02T21:11:08.631Z"}
{"level":"info","message":"Server running on port 3001","timestamp":"2025-01-02T21:13:47.217Z"}
{"level":"info","message":"Server running on port 3001","timestamp":"2025-01-02T21:14:03.443Z"}
{"level":"info","message":"Server running on port 3001","timestamp":"2025-01-02T21:14:10.663Z"}
{"level":"info","message":"Server running on port 3001","timestamp":"2025-01-02T21:19:03.005Z"}
{"level":"info","message":"Server running on port 3001","timestamp":"2025-01-02T21:19:18.707Z"}
{"level":"info","message":"Server running on port 3001","timestamp":"2025-01-02T21:20:53.789Z"}
{"level":"info","message":"Server running on port 3001","timestamp":"2025-01-02T21:21:20.353Z"}
{"level":"info","message":"Server running on port 3001","timestamp":"2025-01-02T21:21:58.338Z"}
{"level":"info","message":"Server running on port 3001","timestamp":"2025-01-02T21:23:12.506Z"}
{"level":"info","message":"Server running on port 3001","timestamp":"2025-01-02T21:28:08.617Z"}
{"level":"info","message":"Server running on port 3001","timestamp":"2025-01-02T21:28:15.189Z"}
{"level":"info","message":"Server running on port 3001","timestamp":"2025-01-02T21:30:07.312Z"}
{"level":"info","message":"Server running on port 3001","timestamp":"2025-01-02T21:30:13.349Z"}
{"level":"info","message":"Server running on port 3001","timestamp":"2025-01-02T21:57:02.047Z"}
{"level":"info","message":"Server running on port 3001","timestamp":"2025-01-02T21:57:35.315Z"}
{"level":"info","message":"Server running on port 3001","timestamp":"2025-01-02T21:58:55.377Z"}
{"level":"info","message":"Server running on port 3001","timestamp":"2025-01-02T21:59:39.228Z"}
{"level":"info","message":"Server running on port 3001","timestamp":"2025-01-02T22:06:26.573Z"}
{"level":"info","message":"Server running on port 3001","timestamp":"2025-01-02T22:09:24.450Z"}
{"level":"info","message":"Server running on port 3001","timestamp":"2025-01-02T22:10:04.448Z"}
{"level":"info","message":"Server running on port 3001","timestamp":"2025-01-02T22:10:33.341Z"}
{"level":"info","message":"Server running on port 3001","timestamp":"2025-01-02T22:10:58.135Z"}
{"level":"info","message":"Server running on port 3001","timestamp":"2025-01-02T22:11:24.662Z"}
{"level":"info","message":"Server running on port 3001","timestamp":"2025-01-02T22:11:34.093Z"}
{"level":"info","message":"Server running on port 3001","timestamp":"2025-01-02T22:13:11.172Z"}
{"level":"info","message":"Server running on port 3001","timestamp":"2025-01-02T22:13:40.187Z"}
{"level":"info","message":"Server running on port 3001","timestamp":"2025-01-02T22:14:11.661Z"}
{"level":"info","message":"Server running on port 3001","timestamp":"2025-01-02T22:14:27.542Z"}
{"level":"info","message":"Server running on port 3001","timestamp":"2025-01-02T22:15:00.024Z"}
{"level":"info","message":"Server running on port 3001","timestamp":"2025-01-02T22:17:52.008Z"}
{"level":"info","message":"Server running on port 3001","timestamp":"2025-01-02T22:19:01.330Z"}
{"level":"info","message":"Server running on port 3001","timestamp":"2025-01-02T22:20:17.790Z"}
{"level":"info","message":"Server running on port 3001","timestamp":"2025-01-02T22:20:42.547Z"}
{"level":"info","message":"Server running on port 3001","timestamp":"2025-01-02T22:21:29.270Z"}
{"level":"info","message":"Server running on port 3001","timestamp":"2025-01-02T22:23:59.474Z"}
{"level":"info","message":"Server running on port 3001","timestamp":"2025-01-02T22:25:04.078Z"}
{"level":"info","message":"Server running on port 3001","timestamp":"2025-01-02T22:26:37.984Z"}
{"level":"info","message":"Server running on port 3001","timestamp":"2025-01-02T22:30:22.886Z"}
{"level":"info","message":"Server running on port 3001","timestamp":"2025-01-02T22:31:11.966Z"}
{"level":"info","message":"Server running on port 3001","timestamp":"2025-01-02T22:31:25.368Z"}
{"level":"info","message":"Server running on port 3001","timestamp":"2025-01-02T22:31:42.861Z"}
{"level":"info","message":"Server running on port 3001","timestamp":"2025-01-02T22:32:46.157Z"}
{"level":"info","message":"Server running on port 3001","timestamp":"2025-01-02T22:46:13.551Z"}
{"level":"info","message":"Server running on port 3001","timestamp":"2025-01-02T23:06:59.291Z"}
{"level":"info","message":"Server running on port 3001","timestamp":"2025-01-02T23:07:42.409Z"}
{"level":"info","message":"Server running on port 3001","timestamp":"2025-01-02T23:15:05.982Z"}
{"level":"info","message":"Server running on port 3001","timestamp":"2025-01-02T23:17:12.009Z"}
{"level":"info","message":"Server running on port 3001","timestamp":"2025-01-02T23:17:40.622Z"}
{"level":"info","message":"Server running on port 3001","timestamp":"2025-01-02T23:17:51.582Z"}
{"level":"info","message":"Server running on port 3001","timestamp":"2025-01-02T23:20:35.102Z"}
{"level":"info","message":"Server running on port 3001","timestamp":"2025-01-02T23:20:53.434Z"}
